Herman_Erwan/MyParis2024_SIO2A2/app/build/intermediates/manifest_merge_blame_file/debug/manifest-merger-blame-debug-report.txt
1<?xml version="1.0" encoding="utf-8"?>
2<manifest xmlns:android="http://schemas.android.com/apk/res/android"
3    package="com.example.myparis2024_sio2a"
4    android:versionCode="1"
5    android:versionName="1.0" >
6
7    <uses-sdk
8        android:minSdkVersion="26"
8-->src\main\AndroidManifest.xml
9        android:targetSdkVersion="30" />
9-->src\main\AndroidManifest.xml
10
11    <uses-permission android:name="android.permission.INTERNET" />
11-->src\main\AndroidManifest.xml:4:5-83
11-->src\main\AndroidManifest.xml:4:22-64
12    <uses-permission android:name="android.permission.ACCESS_WIFI_STATE" />
12-->src\main\AndroidManifest.xml:5:5-92
12-->src\main\AndroidManifest.xml:5:22-73
13
14    <application
14-->src\main\AndroidManifest.xml:6:5-25:19
15        android:allowBackup="true"
15-->src\main\AndroidManifest.xml:7:9-35
16        android:appComponentFactory="androidx.core.app.CoreComponentFactory"
16-->[androidx.core:core:1.5.0] AndroidManifest.xml:24:18-86
17        android:debuggable="true"
18        android:extractNativeLibs="false"
19        android:icon="@mipmap/ic_launcher"
19-->src\main\AndroidManifest.xml:8:9-43
20        android:label="@string/app_name"
20-->src\main\AndroidManifest.xml:9:9-41
21        android:roundIcon="@mipmap/ic_launcher_round"
21-->src\main\AndroidManifest.xml:10:9-54
22        android:supportsRtl="true"
22-->src\main\AndroidManifest.xml:11:9-35
23        android:testOnly="true"
24        android:theme="@style/Theme.MyParis2024_SIO2A"
24-->src\main\AndroidManifest.xml:13:9-55
25        android:usesCleartextTraffic="true" >
25-->src\main\AndroidManifest.xml:12:9-44
26        <activity android:name="com.example.myparis2024_sio2a.MonProfil" />
26-->src\main\AndroidManifest.xml:14:9-56
26-->src\main\AndroidManifest.xml:14:19-44
27        <activity android:name="com.example.myparis2024_sio2a.MesEvenements" />
27-->src\main\AndroidManifest.xml:15:9-51
27-->src\main\AndroidManifest.xml:15:19-48
28        <activity android:name="com.example.myparis2024_sio2a.LesEvenements" />
28-->src\main\AndroidManifest.xml:16:9-51
28-->src\main\AndroidManifest.xml:16:19-48
29        <activity android:name="com.example.myparis2024_sio2a.Menu" />
29-->src\main\AndroidManifest.xml:17:9-42
29-->src\main\AndroidManifest.xml:17:19-39
30        <activity android:name="com.example.myparis2024_sio2a.MainActivity" >
30-->src\main\AndroidManifest.xml:18:9-24:20
30-->src\main\AndroidManifest.xml:18:19-47
31            <intent-filter>
31-->src\main\AndroidManifest.xml:19:13-23:29
32                <action android:name="android.intent.action.MAIN" />
32-->src\main\AndroidManifest.xml:20:17-69
32-->src\main\AndroidManifest.xml:20:25-66
33
34                <category android:name="android.intent.category.LAUNCHER" />
34-->src\main\AndroidManifest.xml:22:17-77
34-->src\main\AndroidManifest.xml:22:27-74
35            </intent-filter>
36        </activity>
37    </application>
38
39</manifest>